0 info it worked if it ends with ok
1 verbose cli [ '/usr/bin/node', '/usr/bin/npm', 'install', 'express' ]
2 info using npm@6.14.11
3 info using node@v10.24.0
4 verbose config Skipping project config: /home/opc/.npmrc. (matches userconfig)
5 verbose npm-session 8b98be8c89aba195
6 silly install loadCurrentTree
7 silly install readLocalPackageData
8 http fetch GET 304 https://registry.npmjs.org/express 90ms (from cache)
9 silly pacote tag manifest for express@latest fetched in 99ms
10 verbose stack Error: Invalid package name "node_modules": node_modules is a blacklisted name
10 verbose stack     at invalidPackageName (/usr/lib/node_modules/npm/node_modules/npm-package-arg/npa.js:86:15)
10 verbose stack     at Result.setName (/usr/lib/node_modules/npm/node_modules/npm-package-arg/npa.js:121:11)
10 verbose stack     at new Result (/usr/lib/node_modules/npm/node_modules/npm-package-arg/npa.js:111:23)
10 verbose stack     at Function.resolve (/usr/lib/node_modules/npm/node_modules/npm-package-arg/npa.js:58:15)
10 verbose stack     at computeVersionSpec (/usr/lib/node_modules/npm/lib/install/deps.js:320:21)
10 verbose stack     at Installer.normalizeCurrentTree (/usr/lib/node_modules/npm/lib/install.js:410:68)
10 verbose stack     at Array.<anonymous> (/usr/lib/node_modules/npm/node_modules/slide/lib/bind-actor.js:15:8)
10 verbose stack     at LOOP (/usr/lib/node_modules/npm/node_modules/slide/lib/chain.js:15:14)
10 verbose stack     at /usr/lib/node_modules/npm/node_modules/slide/lib/chain.js:18:7
10 verbose stack     at iferr (/usr/lib/node_modules/npm/lib/install.js:368:5)
10 verbose stack     at a (/usr/lib/node_modules/npm/node_modules/iferr/iferr.js:3:64)
10 verbose stack     at cb (/usr/lib/node_modules/npm/node_modules/slide/lib/async-map.js:47:24)
10 verbose stack     at process.nextTick (/usr/lib/node_modules/npm/node_modules/call-limit/call-limit.js:28:43)
10 verbose stack     at process._tickCallback (internal/process/next_tick.js:61:11)
11 verbose cwd /home/opc
12 verbose Linux 5.15.0-207.156.6.el8uek.x86_64
13 verbose argv "/usr/bin/node" "/usr/bin/npm" "install" "express"
14 verbose node v10.24.0
15 verbose npm  v6.14.11
16 error code EINVALIDPACKAGENAME
17 error Invalid package name "node_modules": node_modules is a blacklisted name
18 verbose exit [ 1, true ]
