0 info it worked if it ends with ok
1 verbose cli [ '/usr/bin/node', '/usr/bin/npm', 'cache', 'clean' ]
2 info using npm@6.14.11
3 info using node@v10.24.0
4 verbose config Skipping project config: /home/opc/.npmrc. (matches userconfig)
5 verbose npm-session c1a98b94c3f8cc4b
6 verbose stack Error: As of npm@5, the npm cache self-heals from corruption issues and data extracted from the cache is guaranteed to be valid. If you want to make sure everything is consistent, use 'npm cache verify' instead. On the other hand, if you're debugging an issue with the installer, you can use `npm install --cache /tmp/empty-cache` to use a temporary cache instead of nuking the actual one.
6 verbose stack
6 verbose stack If you're sure you want to delete the entire cache, rerun this command with --force.
6 verbose stack     at clean (/usr/lib/node_modules/npm/lib/cache.js:72:22)
6 verbose stack     at EventEmitter.cache (/usr/lib/node_modules/npm/lib/cache.js:47:16)
6 verbose stack     at Object.commandCache.(anonymous function) (/usr/lib/node_modules/npm/lib/npm.js:156:13)
6 verbose stack     at EventEmitter.<anonymous> (/usr/lib/node_modules/npm/bin/npm-cli.js:79:30)
6 verbose stack     at process._tickCallback (internal/process/next_tick.js:61:11)
7 verbose cwd /home/opc
8 verbose Linux 5.15.0-207.156.6.el8uek.x86_64
9 verbose argv "/usr/bin/node" "/usr/bin/npm" "cache" "clean"
10 verbose node v10.24.0
11 verbose npm  v6.14.11
12 error As of npm@5, the npm cache self-heals from corruption issues and data extracted from the cache is guaranteed to be valid. If you want to make sure everything is consistent, use 'npm cache verify' instead. On the other hand, if you're debugging an issue with the installer, you can use `npm install --cache /tmp/empty-cache` to use a temporary cache instead of nuking the actual one.
12 error
12 error If you're sure you want to delete the entire cache, rerun this command with --force.
13 verbose exit [ 1, true ]
